<?xml version="1.0" encoding="utf-8" standalone="no"?>
<!--This file represents the results of running a test suite-->
<test-results name="IntegrationTests" total="2" errors="0" failures="0" not-run="0" inconclusive="0" ignored="0" skipped="0" invalid="0" date="2014-01-24" time="11:22:40">
  <environment nunit-version="0.0.0.0" clr-version="2.0.50727.1433" os-version="Microsoft Windows NT 6.1.7601.0" platform="Win32NT" cwd="D:\Libraries\My Projects\redblue\gladiators2" machine-name="LUCAS-PC" user="Lucas" user-domain="LUCAS-PC" />
  <culture-info current-culture="en-US" current-uiculture="en-US" />
  <test-case name="Test_PlayerDeath" executed="True" result="Success" success="True" time="4.032">
    <reason>
      <message><![CDATA[IntegrationTest started (Test_PlayerDeath)
Health: Subtracting = 10
Health: Subtracting = 10
Health: Subtracting = 10
Health: Subtracting = 10
Health: Subtracting = 10
Health: Subtracting = 10
Health: Subtracting = 10
Health: Subtracting = 10
Health: Subtracting = 10
Health: Subtracting = 10
Player died. Play animation here.
IntegrationTest Pass (Test_PlayerDeath)
IntegrationTest finished (Test_PlayerDeath)
]]></message>
    </reason>
  </test-case>
  <test-case name="Test_RatMoves" executed="True" result="Success" success="True" time="1.287">
    <reason>
      <message><![CDATA[IntegrationTest started (Test_RatMoves)
IntegrationTest Pass (Test_RatMoves)
IntegrationTest finished (Test_RatMoves)
]]></message>
    </reason>
  </test-case>
</test-results>